\BOOKMARK [1][-]{section.1}{\376\377\000I\000n\000t\000r\000o\000d\000u\000c\000t\000i\000o\000n}{}% 1
\BOOKMARK [2][-]{subsection.1.1}{\376\377\000O\000v\000e\000r\000v\000i\000e\000w\000\040\000o\000f\000\040\000t\000h\000e\000\040\000w\000o\000r\000k}{section.1}% 2
\BOOKMARK [2][-]{subsection.1.2}{\376\377\000C\000u\000r\000r\000e\000n\000t\000\040\000l\000i\000m\000i\000t\000a\000t\000i\000o\000n\000s}{section.1}% 3
\BOOKMARK [1][-]{section.2}{\376\377\000P\000r\000o\000d\000u\000c\000t\000\040\000s\000p\000e\000c\000i\000f\000i\000c\000a\000t\000i\000o\000n}{}% 4
\BOOKMARK [2][-]{subsection.2.1}{\376\377\000F\000u\000n\000c\000t\000i\000o\000n\000a\000l\000\040\000s\000c\000o\000p\000e\000\040\000a\000n\000d\000\040\000s\000u\000p\000p\000o\000r\000t\000e\000d\000\040\000i\000n\000t\000e\000r\000a\000c\000t\000i\000o\000n\000s\000\040}{section.2}% 5
\BOOKMARK [3][-]{subsubsection.2.1.1}{\376\377\000A\000c\000t\000o\000r\000s}{subsection.2.1}% 6
\BOOKMARK [3][-]{subsubsection.2.1.2}{\376\377\000U\000s\000e\000\040\000C\000a\000s\000e\000s}{subsection.2.1}% 7
\BOOKMARK [2][-]{subsection.2.2}{\376\377\000S\000y\000s\000t\000e\000m\000\040\000a\000r\000c\000h\000i\000t\000e\000c\000t\000u\000r\000e}{section.2}% 8
\BOOKMARK [3][-]{subsubsection.2.2.1}{\376\377\000A\000r\000c\000h\000i\000t\000e\000c\000t\000u\000r\000e}{subsection.2.2}% 9
\BOOKMARK [3][-]{subsubsection.2.2.2}{\376\377\000T\000e\000c\000h\000n\000o\000l\000o\000g\000i\000e\000s\000\040\000a\000n\000d\000\040\000A\000P\000I\000'\000s\000\040\000U\000s\000e\000d}{subsection.2.2}% 10
\BOOKMARK [2][-]{subsection.2.3}{\376\377\000A\000P\000I}{section.2}% 11
\BOOKMARK [1][-]{section.3}{\376\377\000Q\000u\000a\000l\000i\000t\000y\000\040\000a\000s\000s\000u\000r\000a\000n\000c\000e}{}% 12
\BOOKMARK [2][-]{subsection.3.1}{\376\377\000L\000o\000g\000g\000i\000n\000g}{section.3}% 13
\BOOKMARK [2][-]{subsection.3.2}{\376\377\000O\000v\000e\000r\000a\000l\000l\000\040\000s\000t\000r\000a\000t\000e\000g\000y\000\040\000f\000o\000r\000\040\000t\000e\000s\000t\000i\000n\000g}{section.3}% 14
\BOOKMARK [2][-]{subsection.3.3}{\376\377\000U\000n\000i\000t\000\040\000a\000n\000d\000\040\000i\000n\000t\000e\000g\000r\000a\000t\000i\000o\000n\000\040\000t\000e\000s\000t\000i\000n\000g}{section.3}% 15
\BOOKMARK [2][-]{subsection.3.4}{\376\377\000F\000u\000n\000c\000t\000i\000o\000n\000a\000l\000\040\000t\000e\000s\000t\000i\000n\000g}{section.3}% 16
\BOOKMARK [2][-]{subsection.3.5}{\376\377\000C\000o\000d\000e\000\040\000q\000u\000a\000l\000i\000t\000y\000\040\000a\000n\000a\000l\000y\000s\000i\000s}{section.3}% 17
\BOOKMARK [2][-]{subsection.3.6}{\376\377\000C\000o\000n\000t\000i\000n\000u\000o\000u\000s\000\040\000i\000n\000t\000e\000g\000r\000a\000t\000i\000o\000n\000\040\000p\000i\000p\000e\000l\000i\000n\000e}{section.3}% 18
\BOOKMARK [1][-]{section.4}{\376\377\000R\000e\000f\000e\000r\000e\000n\000c\000e\000s\000\040\000\046\000\040\000r\000e\000s\000o\000u\000r\000c\000e\000s}{}% 19
\BOOKMARK [2][-]{subsection.4.1}{\376\377\000R\000e\000f\000e\000r\000e\000n\000c\000e\000\040\000m\000a\000t\000e\000r\000i\000a\000l\000s}{section.4}% 20
